<?xml version="1.0" encoding="UTF-8"?>
<!-- Generated by org.testng.reporters.JUnitReportReporter -->
<testsuite skipped="0" hostname="HW1257" name="Utilities.HtmlUtil" tests="1" failures="0" timestamp="26 Dec 2018 12:45:14 GMT" time="0.080" errors="0">
  <testcase name="CreateHtmlFile" time="0.080" classname="Utilities.HtmlUtil"/>
</testsuite> <!-- Utilities.HtmlUtil -->
