<?xml version="1.0" encoding="UTF-8"?>
<!-- Generated by org.testng.reporters.JUnitReportReporter -->
<testsuite skipped="0" hostname="HW1257" name="DriverFactory.AppTest" tests="1" failures="0" timestamp="15 Mar 2019 17:03:36 GMT" time="915.242" errors="0">
  <testcase name="kickStart" time="915.242" classname="DriverFactory.AppTest"/>
</testsuite> <!-- DriverFactory.AppTest -->
