<?xml version="1.0" encoding="UTF-8"?>
<!-- Generated by org.testng.reporters.JUnitReportReporter -->
<testsuite skipped="0" hostname="CTLINDT-0747" name="DriverFactory.AppTest" tests="1" failures="0" timestamp="30 Jan 2019 13:31:48 GMT" time="482.011" errors="0">
  <testcase name="kickStart" time="482.011" classname="DriverFactory.AppTest"/>
</testsuite> <!-- DriverFactory.AppTest -->
